{"level": "ERROR", "time": "2025-08-26 20:38:24,215", "name": "portfolio.services.processing_service", "module": "processing_service", "function": "load_transformer", "line": 106, "message": "Error loading transformer for bank ALT: No transformer registered for bank: ALT"}
{"level": "ERROR", "time": "2025-08-26 20:38:24,224", "name": "portfolio.preprocessing.preprocess", "module": "preprocess", "function": "process_all_banks", "line": 1115, "message": "❌ Input directory does not exist: data/excel/input_files"}
{"level": "ERROR", "time": "2025-08-26 20:38:24,224", "name": "portfolio.services.processing_service", "module": "processing_service", "function": "process_all_banks", "line": 187, "message": "Error processing all banks for date 26_08_2025: 'bool' object has no attribute 'get'"}
{"level": "ERROR", "time": "2025-08-26 20:40:05,968", "name": "portfolio.services.processing_service", "module": "processing_service", "function": "process_all_banks", "line": 187, "message": "Error processing all banks for date 26_08_2025: 'bool' object has no attribute 'get'"}
{"level": "ERROR", "time": "2025-08-26 20:41:41,310", "name": "portfolio.services.processing_service", "module": "processing_service", "function": "process_all_banks", "line": 187, "message": "Error processing all banks for date 26_08_2025: 'bool' object has no attribute 'get'"}
{"level": "ERROR", "time": "2025-08-26 20:57:09,536", "name": "portfolio.services.processing_service", "module": "processing_service", "function": "process_all_banks", "line": 187, "message": "Error processing all banks for date 26_08_2025: 'bool' object has no attribute 'get'"}
{"level": "ERROR", "time": "2025-08-26 21:08:10,710", "name": "portfolio.services.processing_service", "module": "processing_service", "function": "process_all_banks", "line": 187, "message": "Error processing all banks for date 26_08_2025: 'bool' object has no attribute 'get'"}
{"level": "ERROR", "time": "2025-08-26 21:23:56,552", "name": "portfolio.services.processing_service", "module": "processing_service", "function": "process_all_banks", "line": 187, "message": "Error processing all banks for date 26_08_2025: 'bool' object has no attribute 'get'"}
{"level": "ERROR", "time": "2025-08-26 21:27:28,455", "name": "portfolio.services.processing_service", "module": "processing_service", "function": "process_all_banks", "line": 187, "message": "Error processing all banks for date 26_08_2025: 'bool' object has no attribute 'get'"}
{"level": "ERROR", "time": "2025-08-26 21:34:32,097", "name": "portfolio.services.processing_service", "module": "processing_service", "function": "process_all_banks", "line": 187, "message": "Error processing all banks for date 26_08_2025: 'bool' object has no attribute 'get'"}
{"level": "ERROR", "time": "2025-08-27 01:39:48,602", "name": "portfolio.services.processing_service", "module": "processing_service", "function": "process_all_banks", "line": 187, "message": "Error processing all banks for date 26_08_2025: 'bool' object has no attribute 'get'"}
{"level": "ERROR", "time": "2025-08-28 14:51:21,652", "name": "yfinance", "module": "base", "function": "_fetch_ticker_tz", "line": 1679, "message": "Failed to get ticker 'SPY' reason: Expecting value: line 1 column 1 (char 0)"}
{"level": "ERROR", "time": "2025-08-28 14:51:23,200", "name": "yfinance", "module": "base", "function": "history", "line": 269, "message": "SPY: No price data found, symbol may be delisted (period=5d)"}
{"level": "ERROR", "time": "2025-09-01 14:50:12,336", "name": "portfolio.views", "module": "views", "function": "generate_all_cash_position_reports", "line": 233, "message": "Failed to generate Cash Position report for HS: UNIQUE constraint failed: portfolio_report.client_id, portfolio_report.report_type, portfolio_report.report_date"}
{"level": "ERROR", "time": "2025-09-02 02:56:31,904", "name": "portfolio.services.custody_returns_service", "module": "custody_returns_service", "function": "calculate_custody_return", "line": 143, "message": "Error calculating custody return for HZ JPM GREIGE: 'CashFlowService' object has no attribute 'ENHANCED_BANK_MAPPINGS'"}
{"level": "ERROR", "time": "2025-09-02 02:56:31,910", "name": "portfolio.services.custody_returns_service", "module": "custody_returns_service", "function": "calculate_custody_return", "line": 143, "message": "Error calculating custody return for HZ JPM MG: 'CashFlowService' object has no attribute 'ENHANCED_BANK_MAPPINGS'"}
{"level": "ERROR", "time": "2025-09-02 02:56:31,915", "name": "portfolio.services.custody_returns_service", "module": "custody_returns_service", "function": "calculate_custody_return", "line": 143, "message": "Error calculating custody return for HZ JPM ZG: 'CashFlowService' object has no attribute 'ENHANCED_BANK_MAPPINGS'"}
{"level": "ERROR", "time": "2025-09-02 02:56:31,922", "name": "portfolio.services.custody_returns_service", "module": "custody_returns_service", "function": "calculate_custody_return", "line": 143, "message": "Error calculating custody return for HZ MS Greige: 'CashFlowService' object has no attribute 'ENHANCED_BANK_MAPPINGS'"}
{"level": "ERROR", "time": "2025-09-02 02:56:31,926", "name": "portfolio.services.custody_returns_service", "module": "custody_returns_service", "function": "calculate_custody_return", "line": 143, "message": "Error calculating custody return for HZ Valley Greige: 'CashFlowService' object has no attribute 'ENHANCED_BANK_MAPPINGS'"}
{"level": "ERROR", "time": "2025-09-02 02:56:57,972", "name": "portfolio.services.custody_returns_service", "module": "custody_returns_service", "function": "calculate_custody_return", "line": 143, "message": "Error calculating custody return for HZ JPM GREIGE: 'CashFlowService' object has no attribute 'BANK_MAPPINGS'"}
{"level": "ERROR", "time": "2025-09-02 02:56:57,978", "name": "portfolio.services.custody_returns_service", "module": "custody_returns_service", "function": "calculate_custody_return", "line": 143, "message": "Error calculating custody return for HZ JPM MG: 'CashFlowService' object has no attribute 'BANK_MAPPINGS'"}
{"level": "ERROR", "time": "2025-09-02 02:56:57,985", "name": "portfolio.services.custody_returns_service", "module": "custody_returns_service", "function": "calculate_custody_return", "line": 143, "message": "Error calculating custody return for HZ JPM ZG: 'CashFlowService' object has no attribute 'BANK_MAPPINGS'"}
{"level": "ERROR", "time": "2025-09-02 02:56:57,993", "name": "portfolio.services.custody_returns_service", "module": "custody_returns_service", "function": "calculate_custody_return", "line": 143, "message": "Error calculating custody return for HZ MS Greige: 'CashFlowService' object has no attribute 'BANK_MAPPINGS'"}
{"level": "ERROR", "time": "2025-09-02 02:56:57,999", "name": "portfolio.services.custody_returns_service", "module": "custody_returns_service", "function": "calculate_custody_return", "line": 143, "message": "Error calculating custody return for HZ Valley Greige: 'CashFlowService' object has no attribute 'BANK_MAPPINGS'"}
